<?xml version="1.0" encoding="UTF-8"?>
<testng-results ignored="0" total="1" passed="1" failed="0" skipped="0">
  <reporter-output>
  </reporter-output>
  <suite started-at="2023-11-23T23:25:08 IST" name="Default suite" finished-at="2023-11-23T23:25:48 IST" duration-ms="39933">
    <groups>
    </groups>
    <test started-at="2023-11-23T23:25:08 IST" name="Default test" finished-at="2023-11-23T23:25:48 IST" duration-ms="39933">
      <class name="Module1_Login_Test.SwaglabLoginTest">
        <test-method is-config="true" signature="OpenBrowser()[pri:0, instance:Module1_Login_Test.SwaglabLoginTest@175c2241]" started-at="2023-11-23T23:25:08 IST" name="OpenBrowser" finished-at="2023-11-23T23:25:33 IST" duration-ms="25100" status="PASS">
          <reporter-output>
          </reporter-output>
        </test-method> <!-- OpenBrowser -->
        <test-method is-config="true" signature="LoginToApp()[pri:0, instance:Module1_Login_Test.SwaglabLoginTest@175c2241]" started-at="2023-11-23T23:25:33 IST" name="LoginToApp" finished-at="2023-11-23T23:25:44 IST" duration-ms="10263" status="PASS">
          <reporter-output>
          </reporter-output>
        </test-method> <!-- LoginToApp -->
        <test-method signature="VerifyTitle()[pri:0, instance:Module1_Login_Test.SwaglabLoginTest@175c2241]" started-at="2023-11-23T23:25:44 IST" name="VerifyTitle" finished-at="2023-11-23T23:25:45 IST" duration-ms="965" status="PASS">
          <reporter-output>
          </reporter-output>
        </test-method> <!-- VerifyTitle -->
        <test-method is-config="true" signature="LogoutToApp(org.testng.ITestResult)[pri:0, instance:Module1_Login_Test.SwaglabLoginTest@175c2241]" started-at="2023-11-23T23:25:45 IST" name="LogoutToApp" finished-at="2023-11-23T23:25:48 IST" duration-ms="3178" status="PASS">
          <params>
            <param index="0">
              <value>
                <![CDATA[[TestResult name=VerifyTitle status=SUCCESS method=SwaglabLoginTest.VerifyTitle()[pri:0, instance:Module1_Login_Test.SwaglabLoginTest@175c2241] output={null}]]]>
              </value>
            </param>
          </params>
          <reporter-output>
          </reporter-output>
        </test-method> <!-- LogoutToApp -->
        <test-method is-config="true" signature="CloseBrowser()[pri:0, instance:Module1_Login_Test.SwaglabLoginTest@175c2241]" started-at="2023-11-23T23:25:48 IST" name="CloseBrowser" finished-at="2023-11-23T23:25:48 IST" duration-ms="343" status="PASS">
          <reporter-output>
          </reporter-output>
        </test-method> <!-- CloseBrowser -->
      </class> <!-- Module1_Login_Test.SwaglabLoginTest -->
    </test> <!-- Default test -->
  </suite> <!-- Default suite -->
</testng-results>
